Job ID,Predicted Time,Actual Time,Time Difference
3543217,2018-07-11 20:00:00,None,None,
3543214,2018-07-11 20:00:00,None,None,
3494571,2018-07-11 20:00:00,None,None,
3539259,2018-07-11 20:00:00,None,None,
3548139,2018-07-10 15:57:04,None,None,
3547776_[1-20],2018-07-10 16:59:59,None,None,
3497454,2018-07-11 20:00:00,None,None,
3543923,2018-07-10 15:57:04,None,None,
3539260,2018-07-11 20:00:00,None,None,
3478039,2018-07-11 20:00:00,None,None,
3481475,2018-07-11 20:00:00,None,None,
3511354,2018-07-11 20:00:00,None,None,
3547954,2018-07-10 17:34:26,None,None,
3480746,2018-07-11 20:00:00,None,None,
3539995,2018-07-11 20:00:00,None,None,
3486756,2018-07-10 11:30:01,None,None,
3539239,2018-07-11 20:00:00,None,None,
3547768_[1-20],2018-07-10 14:31:02,None,None,
3543322,2018-07-11 20:00:00,None,None,
3543842,2018-07-10 15:57:04,None,None,
3543835,2018-07-10 15:57:04,None,None,
3497331,2018-07-11 20:00:00,None,None,
3486766,2018-07-10 11:30:01,None,None,
3478038,2018-07-11 20:00:00,None,None,
3548142,2018-07-10 10:30:48,2018-07-10 10:14:13,0:16:35,
3548060,2018-07-10 11:30:01,2018-07-10 10:24:35,1:05:26,
3546198,2018-07-10 11:30:01,2018-07-10 10:26:38,1:03:23,
3543508,2018-07-11 20:00:00,None,None,
3486859,2018-07-11 20:00:00,None,None,
3364610,2018-07-10 15:57:04,None,None,
3543536,2018-07-11 20:00:00,None,None,
3497329,2018-07-11 20:00:00,None,None,
3486863,2018-07-11 20:00:00,None,None,
3547773_[1-20],2018-07-10 16:32:54,None,None,
3486831,2018-07-11 20:00:00,None,None,
3543537,2018-07-11 20:00:00,None,None,
3546199,2018-07-10 11:30:01,2018-07-10 10:28:41,1:01:20,
3548042,2018-07-10 11:30:01,2018-07-10 10:18:24,1:11:37,
3478040,2018-07-11 20:00:00,None,None,
3543770,2018-07-11 01:10:09,None,None,
3434160,2018-07-11 20:00:00,None,None,
3539245,2018-07-11 20:00:00,None,None,
3543193,2018-07-11 20:00:00,None,None,
3539281,2018-07-11 20:00:00,None,None,
3497334,2018-07-11 20:00:00,None,None,
3364613,2018-07-10 15:57:04,None,None,
3548037,2018-07-10 11:30:01,2018-07-10 10:18:24,1:11:37,
3543769,2018-07-10 18:00:01,None,None,
3546202,2018-07-10 11:30:01,2018-07-10 10:28:41,1:01:20,
3486676,2018-07-10 11:30:01,None,None,
3542851,2018-07-11 20:00:00,None,None,
3535130,2018-07-11 09:25:02,None,None,
3546205,2018-07-10 11:30:01,2018-07-10 10:28:41,1:01:20,
3544076,2018-07-10 18:00:01,None,None,
3535137,2018-07-11 11:45:24,None,None,
3497336,2018-07-11 20:00:00,None,None,
3434551,2018-07-11 20:00:00,None,None,
3543535,2018-07-11 20:00:00,None,None,
3541997,2018-07-11 20:00:00,None,None,
3539272,2018-07-11 20:00:00,None,None,
3486854,2018-07-11 20:00:00,None,None,
3486825,2018-07-11 20:00:00,None,None,
3540441,2018-07-10 16:28:31,None,None,
3540428,2018-07-10 16:28:31,None,None,
3539279,2018-07-11 20:00:00,None,None,
3546211,2018-07-10 11:30:01,None,None,
3543988,2018-07-11 01:26:00,2018-07-10 10:16:19,15:09:41,
3546223,2018-07-10 11:30:01,None,None,
3548056,2018-07-10 11:30:01,2018-07-10 10:24:35,1:05:26,
3543160,2018-07-11 20:00:00,None,None,
3435190,2018-07-10 16:28:31,None,None,
3543509,2018-07-11 20:00:00,None,None,
3548023,2018-07-10 11:30:01,2018-07-10 10:14:13,1:15:48,
3548030,2018-07-10 11:30:01,2018-07-10 10:14:13,1:15:48,
3547777_[1-20],2018-07-10 17:32:57,None,None,
3434462,2018-07-11 20:00:00,None,None,
3539274,2018-07-11 20:00:00,None,None,
3539276,2018-07-11 20:00:00,None,None,
3548033,2018-07-10 11:30:01,2018-07-10 10:16:22,1:13:39,
3543175,2018-07-11 20:00:00,None,None,
3539242,2018-07-11 20:00:00,None,None,
3543928,2018-07-10 15:57:04,None,None,
3539240,2018-07-11 20:00:00,None,None,
3539249,2018-07-11 20:00:00,None,None,
3486771,2018-07-10 11:30:01,None,None,
3486832,2018-07-11 20:00:00,None,None,
3548029,2018-07-10 11:30:01,2018-07-10 10:14:13,1:15:48,
3548043,2018-07-10 11:30:01,2018-07-10 10:20:29,1:09:32,
3486834,2018-07-11 20:00:00,None,None,
3543989,2018-07-11 02:39:39,2018-07-10 10:36:44,16:02:55,
3486841,2018-07-11 20:00:00,None,None,
3548028,2018-07-10 11:30:01,2018-07-10 10:14:13,1:15:48,
3543841,2018-07-10 15:57:04,None,None,
3486828,2018-07-11 20:00:00,None,None,
3548040,2018-07-10 11:30:01,2018-07-10 10:18:24,1:11:37,
3539254,2018-07-11 20:00:00,None,None,
3497335,2018-07-11 20:00:00,None,None,
3477882,2018-07-11 20:00:00,None,None,
3543173,2018-07-11 20:00:00,None,None,
3543185,2018-07-11 20:00:00,None,None,
3539238,2018-07-11 20:00:00,None,None,
3546219,2018-07-10 11:30:01,None,None,
3511357,2018-07-11 20:00:00,None,None,
3548025,2018-07-10 11:30:01,2018-07-10 10:14:13,1:15:48,
3539235,2018-07-11 20:00:00,None,None,
3434463,2018-07-11 20:00:00,None,None,
3548038,2018-07-10 11:30:01,2018-07-10 10:18:24,1:11:37,
3486844,2018-07-11 20:00:00,None,None,
3474023,2018-07-11 20:00:00,None,None,
3547963,2018-07-10 14:31:02,None,None,
3486758,2018-07-10 11:30:01,None,None,
3543779,2018-07-11 01:10:09,None,None,
3535140,2018-07-10 15:57:04,None,None,
3435534,2018-07-11 20:00:00,None,None,
3543327,2018-07-11 20:00:00,None,None,
3544290_[18-20],2018-07-11 11:00:01,None,None,
3538706,2018-07-11 20:00:00,None,None,
3539252,2018-07-11 20:00:00,None,None,
3539246,2018-07-11 20:00:00,None,None,
3542786,2018-07-11 20:00:00,None,None,
3543190,2018-07-11 20:00:00,None,None,
3486770,2018-07-10 11:30:01,None,None,
3478037,2018-07-11 20:00:00,None,None,
3548045,2018-07-10 11:30:01,2018-07-10 10:20:29,1:09:32,
3547771_[1-20],2018-07-10 15:59:11,None,None,
3541999,2018-07-11 20:00:00,None,None,
3548049,2018-07-10 11:30:01,2018-07-10 10:22:32,1:07:29,
3539257,2018-07-11 20:00:00,None,None,
3542783,2018-07-11 20:00:00,None,None,
3543331,2018-07-11 20:00:00,None,None,
3543836,2018-07-10 15:57:04,None,None,
3480901,2018-07-11 20:00:00,None,None,
3548059,2018-07-10 11:30:01,2018-07-10 10:24:35,1:05:26,
3434161,2018-07-11 20:00:00,None,None,
3543924,2018-07-10 15:57:04,None,None,
3546225,2018-07-10 11:30:01,None,None,
3543330,2018-07-11 20:00:00,None,None,
3543927,2018-07-10 15:57:04,None,None,
3497333,2018-07-11 20:00:00,None,None,
3486835,2018-07-11 20:00:00,None,None,
3546224,2018-07-10 11:30:01,None,None,
3548047,2018-07-10 11:30:01,2018-07-10 10:22:32,1:07:29,
3546204,2018-07-10 11:30:01,2018-07-10 10:28:41,1:01:20,
3539278,2018-07-11 20:00:00,None,None,
3542845,2018-07-11 20:00:00,None,None,
3547953,2018-07-10 17:34:26,None,None,
3547766_[14-20],2018-07-10 14:27:21,None,None,
3546210,2018-07-10 11:30:01,None,None,
3542000,2018-07-11 20:00:00,None,None,
3546222,2018-07-10 11:30:01,None,None,
3482342,2018-07-11 20:00:00,None,None,
3543990,2018-07-11 02:41:43,2018-07-10 10:40:46,16:00:57,
3543517,2018-07-11 01:10:09,None,None,
3473652,2018-07-11 20:00:00,None,None,
3548039,2018-07-10 11:30:01,2018-07-10 10:18:24,1:11:37,
3548026,2018-07-10 11:30:01,2018-07-10 10:14:13,1:15:48,
3543839,2018-07-10 15:57:04,None,None,
3474697,2018-07-11 20:00:00,None,None,
3548048,2018-07-10 11:30:01,2018-07-10 10:22:32,1:07:29,
3535139,2018-07-11 15:16:14,None,None,
3486751,2018-07-10 11:30:01,None,None,
3364621,2018-07-10 15:57:04,None,None,
3497453,2018-07-11 20:00:00,None,None,
3486760,2018-07-10 11:30:01,None,None,
3543198,2018-07-11 20:00:00,None,None,
3546226,2018-07-10 11:30:01,None,None,
3543780,2018-07-11 06:28:24,None,None,
3546218,2018-07-10 11:30:01,None,None,
3540438,2018-07-10 16:28:31,None,None,
3486783,2018-07-10 11:30:01,None,None,
3543222,2018-07-11 20:00:00,None,None,
3543195,2018-07-11 20:00:00,None,None,
3539236,2018-07-11 20:00:00,None,None,
3546203,2018-07-10 11:30:01,2018-07-10 10:28:41,1:01:20,
3540431,2018-07-10 16:28:31,None,None,
3511356,2018-07-11 20:00:00,None,None,
3478036,2018-07-11 20:00:00,None,None,
3543220,2018-07-11 20:00:00,None,None,
3539282,2018-07-11 20:00:00,None,None,
3540430,2018-07-10 16:28:31,None,None,
3486768,2018-07-10 11:30:01,None,None,
3548031,2018-07-10 11:30:01,2018-07-10 10:14:13,1:15:48,
3543165,2018-07-11 20:00:00,None,None,
3486761,2018-07-10 11:30:01,None,None,
3478366,2018-07-11 20:00:00,None,None,
3543930,2018-07-10 15:57:04,None,None,
3541952,2018-07-10 18:00:01,None,None,
3539270,2018-07-11 20:00:00,None,None,
3539247,2018-07-11 20:00:00,None,None,
3547935,2018-07-10 14:31:02,None,None,
3540434,2018-07-10 16:28:31,None,None,
3486683,2018-07-10 11:30:01,None,None,
3542787,2018-07-11 20:00:00,None,None,
3486839,2018-07-11 20:00:00,None,None,
3535138,2018-07-10 15:57:04,None,None,
3497330,2018-07-11 20:00:00,None,None,
3541619,2018-07-10 15:57:04,None,None,
3434461,2018-07-11 20:00:00,None,None,
3539244,2018-07-11 20:00:00,None,None,
3539265,2018-07-11 20:00:00,None,None,
3486830,2018-07-11 20:00:00,None,None,
3486829,2018-07-11 20:00:00,None,None,
3486833,2018-07-11 20:00:00,None,None,
3482341,2018-07-11 20:00:00,None,None,
3539264,2018-07-11 20:00:00,None,None,
3539266,2018-07-11 20:00:00,None,None,
3542847,2018-07-11 20:00:00,None,None,
3543187,2018-07-11 20:00:00,None,None,
3486688,2018-07-10 11:30:01,None,None,
3541206_[1-2],2018-07-11 01:10:09,None,None,
3542784,2018-07-11 20:00:00,None,None,
3544051,2018-07-10 16:32:54,None,None,
3497346,2018-07-11 20:00:00,None,None,
3546214,2018-07-10 11:30:01,None,None,
3435192,2018-07-10 16:28:31,None,None,
3520467,2018-07-11 20:00:00,None,None,
3548058,2018-07-10 11:30:01,2018-07-10 10:24:35,1:05:26,
3539258,2018-07-11 20:00:00,None,None,
3539269,2018-07-11 20:00:00,None,None,
3539248,2018-07-11 20:00:00,None,None,
3364630,2018-07-10 15:57:04,None,None,
3543189,2018-07-11 20:00:00,None,None,
3486784,2018-07-10 11:30:01,None,None,
3486763,2018-07-10 11:30:01,None,None,
3535141,2018-07-11 17:43:27,None,None,
3539273,2018-07-11 20:00:00,None,None,
3546206,2018-07-10 11:30:01,None,None,
3543200,2018-07-11 20:00:00,None,None,
3547964,2018-07-11 20:00:00,None,None,
3364607,2018-07-10 15:57:04,None,None,
3486765,2018-07-10 11:30:01,None,None,
3547769_[1-20],2018-07-10 14:31:02,None,None,
3434388,2018-07-11 20:00:00,None,None,
3548032,2018-07-10 11:30:01,2018-07-10 10:16:22,1:13:39,
3546220,2018-07-10 11:30:01,None,None,
3539271,2018-07-11 20:00:00,None,None,
3546216,2018-07-10 11:30:01,None,None,
3543931,2018-07-10 15:57:04,None,None,
3486788,2018-07-11 20:00:00,None,None,
3539243,2018-07-11 20:00:00,None,None,
3435193,2018-07-10 16:28:31,None,None,
3546215,2018-07-10 11:30:01,None,None,
3548053,2018-07-10 11:30:01,2018-07-10 10:22:32,1:07:29,
3548054,2018-07-10 11:30:01,2018-07-10 10:22:32,1:07:29,
3548041,2018-07-10 11:30:01,2018-07-10 10:18:24,1:11:37,
3478829,2018-07-11 20:00:00,None,None,
3539231,2018-07-11 20:00:00,None,None,
3542576,2018-07-11 20:00:00,None,None,
3434550,2018-07-11 20:00:00,None,None,
3548063,2018-07-10 11:30:01,2018-07-10 10:26:38,1:03:23,
3539261,2018-07-11 20:00:00,None,None,
3364615,2018-07-10 15:57:04,None,None,
3543778,2018-07-11 01:10:09,None,None,
3486827,2018-07-11 20:00:00,None,None,
3539253,2018-07-11 20:00:00,None,None,
3539268,2018-07-11 20:00:00,None,None,
3539262,2018-07-11 20:00:00,None,None,
3486781,2018-07-10 11:30:01,None,None,
3511355,2018-07-11 20:00:00,None,None,
3542459,2018-07-11 01:10:05,None,None,
3548050,2018-07-10 11:30:01,2018-07-10 10:22:32,1:07:29,
3486836,2018-07-11 20:00:00,None,None,
3535135,2018-07-11 11:34:26,None,None,
3546201,2018-07-10 11:30:01,2018-07-10 10:28:41,1:01:20,
3539026,2018-07-11 20:00:00,None,None,
3480335,2018-07-11 20:00:00,None,None,
3486837,2018-07-11 20:00:00,None,None,
3539267,2018-07-11 20:00:00,None,None,
3546213,2018-07-10 11:30:01,None,None,
3539280,2018-07-11 20:00:00,None,None,
3535129,2018-07-11 06:55:25,None,None,
3481476,2018-07-11 20:00:00,None,None,
3547770_[1-20],2018-07-10 15:59:11,None,None,
3542575,2018-07-11 20:00:00,None,None,
3539256,2018-07-11 20:00:00,None,None,
3539237,2018-07-11 20:00:00,None,None,
3548055,2018-07-10 11:30:01,2018-07-10 10:22:32,1:07:29,
3547501,2018-07-11 03:35:18,None,None,
3546208,2018-07-10 11:30:01,None,None,
3543837,2018-07-10 15:57:04,None,None,
3542849,2018-07-11 20:00:00,None,None,
3546207,2018-07-10 11:30:01,None,None,
3543771,2018-07-11 01:10:09,None,None,
3486686,2018-07-10 11:30:01,None,None,
3543840,2018-07-10 15:57:04,None,None,
3543507,2018-07-11 20:00:00,None,None,
3539255,2018-07-11 20:00:00,None,None,
3542785,2018-07-11 20:00:00,None,None,
3543772,2018-07-11 01:10:09,None,None,
3539241,2018-07-11 20:00:00,None,None,
3543926,2018-07-10 15:57:04,None,None,
3435152,2018-07-11 20:00:00,None,None,
3548035,2018-07-10 11:30:01,2018-07-10 10:16:22,1:13:39,
3543720,2018-07-11 20:00:00,None,None,
3539234,2018-07-11 20:00:00,None,None,
3539275,2018-07-11 20:00:00,None,None,
3543324,2018-07-11 20:00:00,None,None,
3548145,2018-07-10 11:30:01,None,None,
3546221,2018-07-10 11:30:01,None,None,
3486775,2018-07-10 11:30:01,None,None,
3548044,2018-07-10 11:30:01,2018-07-10 10:20:29,1:09:32,
3548131,2018-07-10 11:30:01,None,None,
3547959,2018-07-11 20:00:00,None,None,
3535127,2018-07-10 18:18:25,None,None,
3539277,2018-07-11 20:00:00,None,None,
3543834,2018-07-10 15:57:04,None,None,
3548027,2018-07-10 11:30:01,2018-07-10 10:14:13,1:15:48,
3548061,2018-07-10 11:30:01,2018-07-10 10:24:35,1:05:26,
3543776,2018-07-10 18:00:01,None,None,
3548052,2018-07-10 11:30:01,2018-07-10 10:22:32,1:07:29,
3540439,2018-07-10 16:28:31,None,None,
3364627,2018-07-10 15:57:04,None,None,
3486787,2018-07-11 20:00:00,None,None,
3364604,2018-07-10 15:57:04,None,None,
3474308,2018-07-11 20:00:00,None,None,
3538215,2018-07-11 20:00:00,None,None,
3486847,2018-07-11 20:00:00,None,None,
3548034,2018-07-10 11:30:01,2018-07-10 10:16:22,1:13:39,
3497480,2018-07-11 20:00:00,None,None,
3539250,2018-07-11 20:00:00,None,None,
3546197,2018-07-10 11:30:01,2018-07-10 10:26:38,1:03:23,
3486789,2018-07-11 20:00:00,None,None,
3486786,2018-07-10 11:30:01,None,None,
3541998,2018-07-11 20:00:00,None,None,
3543196,2018-07-11 20:00:00,None,None,
3543925,2018-07-10 15:57:04,None,None,
3548051,2018-07-10 11:30:01,2018-07-10 10:22:32,1:07:29,
3548057,2018-07-10 11:30:01,2018-07-10 10:24:35,1:05:26,
3543749,2018-07-11 11:00:00,None,None,
3542059,2018-07-10 11:30:01,None,None,
3479381,2018-07-11 20:00:00,None,None,
3548046,2018-07-10 11:30:01,2018-07-10 10:20:29,1:09:32,
3543158,2018-07-11 20:00:00,None,None,
3435305,2018-07-11 20:00:00,None,None,
3542078,2018-07-11 20:00:00,None,None,
3541104_[2],2018-07-11 05:47:50,None,None,
3433738,2018-07-11 20:00:00,None,None,
3548036,2018-07-10 11:30:01,2018-07-10 10:16:22,1:13:39,
3543325,2018-07-11 20:00:00,None,None,
3548024,2018-07-10 11:30:01,2018-07-10 10:14:13,1:15:48,
3540259,2018-07-10 16:28:31,None,None,
3364618,2018-07-10 15:57:04,None,None,
3547774_[1-20],2018-07-10 16:32:54,None,None,
3546200,2018-07-10 11:30:01,2018-07-10 10:28:41,1:01:20,
3543777,2018-07-11 01:10:09,None,None,
3543177,2018-07-11 20:00:00,None,None,
3543163,2018-07-11 20:00:00,None,None,
3543929,2018-07-10 15:57:04,None,None,
3542844,2018-07-11 20:00:00,None,None,
3539232,2018-07-11 20:00:00,None,None,
3548143,2018-07-10 11:30:01,None,None,
3547772_[1-20],2018-07-10 16:32:54,None,None,
3540440,2018-07-10 16:28:31,None,None,
3547937,2018-07-11 20:00:00,2018-07-10 10:32:25,1 day, 9:27:35,
3546212,2018-07-10 11:30:01,None,None,
3543773,2018-07-11 06:28:24,None,None,
3535136,2018-07-10 15:57:04,2018-07-10 10:20:28,5:36:36,
3494666,2018-07-11 20:00:00,None,None,
3497332,2018-07-11 20:00:00,None,None,
3546209,2018-07-10 11:30:01,None,None,
3542846,2018-07-11 20:00:00,None,None,
3546217,2018-07-10 11:30:01,None,None,
3364624,2018-07-10 15:57:04,None,None,
3435191,2018-07-10 16:28:31,None,None,
3486826,2018-07-11 20:00:00,None,None,
3548140,2018-07-10 15:57:04,None,None,
3486785,2018-07-10 11:30:01,None,None,
3535142,2018-07-11 20:00:00,None,None,
3539233,2018-07-11 20:00:00,None,None,
3535133,2018-07-11 11:30:10,None,None,
3548062,2018-07-10 11:30:01,2018-07-10 10:24:35,1:05:26,
